# JRE version: Java(TM) SE Runtime Environment (19.0+36) (build 19+36-2238)
# Java VM: Java HotSpot(TM) 64-Bit Server VM (19+36-2238, mixed mode, sharing, tiered, compressed oops, compressed class ptrs, g1 gc, windows-amd64)
GC Precious Log:
 CardTable entry size: 512
 Card Set container configuration: InlinePtr #cards 5 size 8 Array Of Cards #cards 12 size 40 Howl #buckets 4 coarsen threshold 1843 Howl Bitmap #cards 512 size 80 coarsen threshold 460 Card regions per heap region 1 cards per card region 2048
 CPUs: 8 total, 8 available
 Memory: 7886M
 Large Page Support: Disabled
 NUMA Support: Disabled
 Compressed Oops: Enabled (32-bit)
 Heap Region Size: 1M
 Heap Min Capacity: 8M
 Heap Initial Capacity: 124M
 Heap Max Capacity: 1972M
 Pre-touch: Disabled
 Parallel Workers: 8
 Concurrent Workers: 2
 Concurrent Refinement Workers: 8
 Periodic GC: Disabled
Heap:
 garbage-first heap   total 92160K, used 41213K [0x0000000084c00000, 0x0000000100000000)
  region size 1024K, 8 young (8192K), 2 survivors (2048K)
 Metaspace       used 80217K, committed 80960K, reserved 1179648K
  class space    used 10217K, committed 10560K, reserved 1048576K
GC Heap History (20 events):
Event: 743.987 GC heap before
{Heap before GC invocations=23 (full 0):
 garbage-first heap   total 92160K, used 77806K [0x0000000084c00000, 0x0000000100000000)
  region size 1024K, 43 young (44032K), 2 survivors (2048K)
 Metaspace       used 80171K, committed 80896K, reserved 1179648K
  class space    used 10216K, committed 10560K, reserved 1048576K
}
Event: 744.000 GC heap after
{Heap after GC invocations=24 (full 0):
 garbage-first heap   total 92160K, used 35865K [0x0000000084c00000, 0x0000000100000000)
  region size 1024K, 2 young (2048K), 2 survivors (2048K)
 Metaspace       used 80171K, committed 80896K, reserved 1179648K
  class space    used 10216K, committed 10560K, reserved 1048576K
}
Event: 749.389 GC heap before
{Heap before GC invocations=24 (full 0):
 garbage-first heap   total 92160K, used 78873K [0x0000000084c00000, 0x0000000100000000)
  region size 1024K, 44 young (45056K), 2 survivors (2048K)
 Metaspace       used 80203K, committed 80896K, reserved 1179648K
  class space    used 10217K, committed 10560K, reserved 1048576K
}
Event: 749.395 GC heap after
{Heap after GC invocations=25 (full 0):
 garbage-first heap   total 92160K, used 35837K [0x0000000084c00000, 0x0000000100000000)
  region size 1024K, 2 young (2048K), 2 survivors (2048K)
 Metaspace       used 80203K, committed 80896K, reserved 1179648K
  class space    used 10217K, committed 10560K, reserved 1048576K
}
Event: 754.465 GC heap before
{Heap before GC invocations=25 (full 0):
 garbage-first heap   total 92160K, used 78845K [0x0000000084c00000, 0x0000000100000000)
  region size 1024K, 44 young (45056K), 2 survivors (2048K)
 Metaspace       used 80204K, committed 80896K, reserved 1179648K
  class space    used 10217K, committed 10560K, reserved 1048576K
}
Event: 754.472 GC heap after
{Heap after GC invocations=26 (full 0):
 garbage-first heap   total 92160K, used 35872K [0x0000000084c00000, 0x0000000100000000)
  region size 1024K, 2 young (2048K), 2 survivors (2048K)
 Metaspace       used 80204K, committed 80896K, reserved 1179648K
  class space    used 10217K, committed 10560K, reserved 1048576K
}
Event: 759.598 GC heap before
{Heap before GC invocations=26 (full 0):
 garbage-first heap   total 92160K, used 79904K [0x0000000084c00000, 0x0000000100000000)
  region size 1024K, 45 young (46080K), 2 survivors (2048K)
 Metaspace       used 80204K, committed 80896K, reserved 1179648K
  class space    used 10217K, committed 10560K, reserved 1048576K
}
Event: 759.607 GC heap after
{Heap after GC invocations=27 (full 0):
 garbage-first heap   total 92160K, used 35864K [0x0000000084c00000, 0x0000000100000000)
  region size 1024K, 2 young (2048K), 2 survivors (2048K)
 Metaspace       used 80204K, committed 80896K, reserved 1179648K
  class space    used 10217K, committed 10560K, reserved 1048576K
}
Event: 764.705 GC heap before
{Heap before GC invocations=27 (full 0):
 garbage-first heap   total 92160K, used 79896K [0x0000000084c00000, 0x0000000100000000)
  region size 1024K, 45 young (46080K), 2 survivors (2048K)
 Metaspace       used 80204K, committed 80896K, reserved 1179648K
  class space    used 10217K, committed 10560K, reserved 1048576K
}
Event: 764.712 GC heap after
{Heap after GC invocations=28 (full 0):
 garbage-first heap   total 92160K, used 35931K [0x0000000084c00000, 0x0000000100000000)
  region size 1024K, 2 young (2048K), 2 survivors (2048K)
 Metaspace       used 80204K, committed 80896K, reserved 1179648K
  class space    used 10217K, committed 10560K, reserved 1048576K
}
Event: 769.526 GC heap before
{Heap before GC invocations=28 (full 0):
 garbage-first heap   total 92160K, used 79963K [0x0000000084c00000, 0x0000000100000000)
  region size 1024K, 45 young (46080K), 2 survivors (2048K)
 Metaspace       used 80209K, committed 80960K, reserved 1179648K
  class space    used 10217K, committed 10560K, reserved 1048576K
}
Event: 769.532 GC heap after
{Heap after GC invocations=29 (full 0):
 garbage-first heap   total 92160K, used 35962K [0x0000000084c00000, 0x0000000100000000)
  region size 1024K, 2 young (2048K), 2 survivors (2048K)
 Metaspace       used 80209K, committed 80960K, reserved 1179648K
  class space    used 10217K, committed 10560K, reserved 1048576K
}
Event: 774.464 GC heap before
{Heap before GC invocations=29 (full 0):
 garbage-first heap   total 92160K, used 79994K [0x0000000084c00000, 0x0000000100000000)
  region size 1024K, 45 young (46080K), 2 survivors (2048K)
 Metaspace       used 80211K, committed 80960K, reserved 1179648K
  class space    used 10217K, committed 10560K, reserved 1048576K
}
Event: 774.470 GC heap after
{Heap after GC invocations=30 (full 0):
 garbage-first heap   total 92160K, used 35929K [0x0000000084c00000, 0x0000000100000000)
  region size 1024K, 2 young (2048K), 2 survivors (2048K)
 Metaspace       used 80211K, committed 80960K, reserved 1179648K
  class space    used 10217K, committed 10560K, reserved 1048576K
}
Event: 779.589 GC heap before
{Heap before GC invocations=30 (full 0):
 garbage-first heap   total 92160K, used 78937K [0x0000000084c00000, 0x0000000100000000)
  region size 1024K, 45 young (46080K), 2 survivors (2048K)
 Metaspace       used 80212K, committed 80960K, reserved 1179648K
  class space    used 10217K, committed 10560K, reserved 1048576K
}
Event: 779.602 GC heap after
{Heap after GC invocations=31 (full 0):
 garbage-first heap   total 92160K, used 36067K [0x0000000084c00000, 0x0000000100000000)
  region size 1024K, 2 young (2048K), 2 survivors (2048K)
 Metaspace       used 80212K, committed 80960K, reserved 1179648K
  class space    used 10217K, committed 10560K, reserved 1048576K
}
Event: 784.681 GC heap before
{Heap before GC invocations=31 (full 0):
 garbage-first heap   total 92160K, used 80099K [0x0000000084c00000, 0x0000000100000000)
  region size 1024K, 45 young (46080K), 2 survivors (2048K)
 Metaspace       used 80215K, committed 80960K, reserved 1179648K
  class space    used 10217K, committed 10560K, reserved 1048576K
}
Event: 784.688 GC heap after
{Heap after GC invocations=32 (full 0):
 garbage-first heap   total 92160K, used 36041K [0x0000000084c00000, 0x0000000100000000)
  region size 1024K, 2 young (2048K), 2 survivors (2048K)
 Metaspace       used 80215K, committed 80960K, reserved 1179648K
  class space    used 10217K, committed 10560K, reserved 1048576K
}
Event: 788.739 GC heap before
{Heap before GC invocations=32 (full 0):
 garbage-first heap   total 92160K, used 80073K [0x0000000084c00000, 0x0000000100000000)
  region size 1024K, 45 young (46080K), 2 survivors (2048K)
 Metaspace       used 80217K, committed 80960K, reserved 1179648K
  class space    used 10217K, committed 10560K, reserved 1048576K
}
Event: 788.745 GC heap after
{Heap after GC invocations=33 (full 0):
 garbage-first heap   total 92160K, used 36093K [0x0000000084c00000, 0x0000000100000000)
  region size 1024K, 2 young (2048K), 2 survivors (2048K)
 Metaspace       used 80217K, committed 80960K, reserved 1179648K
  class space    used 10217K, committed 10560K, reserved 1048576K
}

