# JRE version: Java(TM) SE Runtime Environment (19.0+36) (build 19+36-2238)
# Java VM: Java HotSpot(TM) 64-Bit Server VM (19+36-2238, mixed mode, sharing, tiered, compressed oops, compressed class ptrs, g1 gc, windows-amd64)
GC Precious Log:
 CardTable entry size: 512
 Card Set container configuration: InlinePtr #cards 5 size 8 Array Of Cards #cards 12 size 40 Howl #buckets 4 coarsen threshold 1843 Howl Bitmap #cards 512 size 80 coarsen threshold 460 Card regions per heap region 1 cards per card region 2048
 CPUs: 8 total, 8 available
 Memory: 7886M
 Large Page Support: Disabled
 NUMA Support: Disabled
 Compressed Oops: Enabled (32-bit)
 Heap Region Size: 1M
 Heap Min Capacity: 8M
 Heap Initial Capacity: 124M
 Heap Max Capacity: 1972M
 Pre-touch: Disabled
 Parallel Workers: 8
 Concurrent Workers: 2
 Concurrent Refinement Workers: 8
 Periodic GC: Disabled
Heap:
 garbage-first heap   total 116736K, used 60348K [0x0000000084c00000, 0x0000000100000000)
  region size 1024K, 28 young (28672K), 1 survivors (1024K)
 Metaspace       used 83220K, committed 83968K, reserved 1179648K
  class space    used 10441K, committed 10816K, reserved 1048576K
GC Heap History (20 events):
Event: 9503.915 GC heap before
{Heap before GC invocations=164 (full 0):
 garbage-first heap   total 116736K, used 101068K [0x0000000084c00000, 0x0000000100000000)
  region size 1024K, 68 young (69632K), 1 survivors (1024K)
 Metaspace       used 83215K, committed 83968K, reserved 1179648K
  class space    used 10440K, committed 10816K, reserved 1048576K
}
Event: 9503.917 GC heap after
{Heap after GC invocations=165 (full 0):
 garbage-first heap   total 116736K, used 33487K [0x0000000084c00000, 0x0000000100000000)
  region size 1024K, 1 young (1024K), 1 survivors (1024K)
 Metaspace       used 83215K, committed 83968K, reserved 1179648K
  class space    used 10440K, committed 10816K, reserved 1048576K
}
Event: 9504.934 GC heap before
{Heap before GC invocations=166 (full 0):
 garbage-first heap   total 116736K, used 101071K [0x0000000084c00000, 0x0000000100000000)
  region size 1024K, 68 young (69632K), 1 survivors (1024K)
 Metaspace       used 83215K, committed 83968K, reserved 1179648K
  class space    used 10440K, committed 10816K, reserved 1048576K
}
Event: 9504.935 GC heap after
{Heap after GC invocations=167 (full 0):
 garbage-first heap   total 116736K, used 33501K [0x0000000084c00000, 0x0000000100000000)
  region size 1024K, 1 young (1024K), 1 survivors (1024K)
 Metaspace       used 83215K, committed 83968K, reserved 1179648K
  class space    used 10440K, committed 10816K, reserved 1048576K
}
Event: 9505.987 GC heap before
{Heap before GC invocations=167 (full 0):
 garbage-first heap   total 116736K, used 101085K [0x0000000084c00000, 0x0000000100000000)
  region size 1024K, 68 young (69632K), 1 survivors (1024K)
 Metaspace       used 83220K, committed 83968K, reserved 1179648K
  class space    used 10441K, committed 10816K, reserved 1048576K
}
Event: 9505.989 GC heap after
{Heap after GC invocations=168 (full 0):
 garbage-first heap   total 116736K, used 33575K [0x0000000084c00000, 0x0000000100000000)
  region size 1024K, 1 young (1024K), 1 survivors (1024K)
 Metaspace       used 83220K, committed 83968K, reserved 1179648K
  class space    used 10441K, committed 10816K, reserved 1048576K
}
Event: 9507.156 GC heap before
{Heap before GC invocations=169 (full 0):
 garbage-first heap   total 116736K, used 101159K [0x0000000084c00000, 0x0000000100000000)
  region size 1024K, 68 young (69632K), 1 survivors (1024K)
 Metaspace       used 83220K, committed 83968K, reserved 1179648K
  class space    used 10441K, committed 10816K, reserved 1048576K
}
Event: 9507.157 GC heap after
{Heap after GC invocations=170 (full 0):
 garbage-first heap   total 116736K, used 33542K [0x0000000084c00000, 0x0000000100000000)
  region size 1024K, 1 young (1024K), 1 survivors (1024K)
 Metaspace       used 83220K, committed 83968K, reserved 1179648K
  class space    used 10441K, committed 10816K, reserved 1048576K
}
Event: 9508.136 GC heap before
{Heap before GC invocations=170 (full 0):
 garbage-first heap   total 116736K, used 101126K [0x0000000084c00000, 0x0000000100000000)
  region size 1024K, 68 young (69632K), 1 survivors (1024K)
 Metaspace       used 83220K, committed 83968K, reserved 1179648K
  class space    used 10441K, committed 10816K, reserved 1048576K
}
Event: 9508.137 GC heap after
{Heap after GC invocations=171 (full 0):
 garbage-first heap   total 116736K, used 33551K [0x0000000084c00000, 0x0000000100000000)
  region size 1024K, 1 young (1024K), 1 survivors (1024K)
 Metaspace       used 83220K, committed 83968K, reserved 1179648K
  class space    used 10441K, committed 10816K, reserved 1048576K
}
Event: 9509.132 GC heap before
{Heap before GC invocations=172 (full 0):
 garbage-first heap   total 116736K, used 101135K [0x0000000084c00000, 0x0000000100000000)
  region size 1024K, 68 young (69632K), 1 survivors (1024K)
 Metaspace       used 83220K, committed 83968K, reserved 1179648K
  class space    used 10441K, committed 10816K, reserved 1048576K
}
Event: 9509.133 GC heap after
{Heap after GC invocations=173 (full 0):
 garbage-first heap   total 116736K, used 33635K [0x0000000084c00000, 0x0000000100000000)
  region size 1024K, 1 young (1024K), 1 survivors (1024K)
 Metaspace       used 83220K, committed 83968K, reserved 1179648K
  class space    used 10441K, committed 10816K, reserved 1048576K
}
Event: 9510.116 GC heap before
{Heap before GC invocations=173 (full 0):
 garbage-first heap   total 116736K, used 101219K [0x0000000084c00000, 0x0000000100000000)
  region size 1024K, 68 young (69632K), 1 survivors (1024K)
 Metaspace       used 83220K, committed 83968K, reserved 1179648K
  class space    used 10441K, committed 10816K, reserved 1048576K
}
Event: 9510.118 GC heap after
{Heap after GC invocations=174 (full 0):
 garbage-first heap   total 116736K, used 33538K [0x0000000084c00000, 0x0000000100000000)
  region size 1024K, 1 young (1024K), 1 survivors (1024K)
 Metaspace       used 83220K, committed 83968K, reserved 1179648K
  class space    used 10441K, committed 10816K, reserved 1048576K
}
Event: 9511.003 GC heap before
{Heap before GC invocations=175 (full 0):
 garbage-first heap   total 116736K, used 101122K [0x0000000084c00000, 0x0000000100000000)
  region size 1024K, 68 young (69632K), 1 survivors (1024K)
 Metaspace       used 83220K, committed 83968K, reserved 1179648K
  class space    used 10441K, committed 10816K, reserved 1048576K
}
Event: 9511.004 GC heap after
{Heap after GC invocations=176 (full 0):
 garbage-first heap   total 116736K, used 33536K [0x0000000084c00000, 0x0000000100000000)
  region size 1024K, 1 young (1024K), 1 survivors (1024K)
 Metaspace       used 83220K, committed 83968K, reserved 1179648K
  class space    used 10441K, committed 10816K, reserved 1048576K
}
Event: 9512.012 GC heap before
{Heap before GC invocations=176 (full 0):
 garbage-first heap   total 116736K, used 101120K [0x0000000084c00000, 0x0000000100000000)
  region size 1024K, 68 young (69632K), 1 survivors (1024K)
 Metaspace       used 83220K, committed 83968K, reserved 1179648K
  class space    used 10441K, committed 10816K, reserved 1048576K
}
Event: 9512.014 GC heap after
{Heap after GC invocations=177 (full 0):
 garbage-first heap   total 116736K, used 33746K [0x0000000084c00000, 0x0000000100000000)
  region size 1024K, 1 young (1024K), 1 survivors (1024K)
 Metaspace       used 83220K, committed 83968K, reserved 1179648K
  class space    used 10441K, committed 10816K, reserved 1048576K
}
Event: 9513.050 GC heap before
{Heap before GC invocations=178 (full 0):
 garbage-first heap   total 116736K, used 101330K [0x0000000084c00000, 0x0000000100000000)
  region size 1024K, 68 young (69632K), 1 survivors (1024K)
 Metaspace       used 83220K, committed 83968K, reserved 1179648K
  class space    used 10441K, committed 10816K, reserved 1048576K
}
Event: 9513.051 GC heap after
{Heap after GC invocations=179 (full 0):
 garbage-first heap   total 116736K, used 33724K [0x0000000084c00000, 0x0000000100000000)
  region size 1024K, 1 young (1024K), 1 survivors (1024K)
 Metaspace       used 83220K, committed 83968K, reserved 1179648K
  class space    used 10441K, committed 10816K, reserved 1048576K
}

